[debug] [2019-12-12T01:15:23.591Z] ----------------------------------------------------------------------
[debug] [2019-12-12T01:15:23.593Z] Command:       /usr/local/bin/node /usr/local/bin/firebase init
[debug] [2019-12-12T01:15:23.593Z] CLI Version:   7.9.0
[debug] [2019-12-12T01:15:23.593Z] Platform:      darwin
[debug] [2019-12-12T01:15:23.593Z] Node Version:  v10.16.0
[debug] [2019-12-12T01:15:23.594Z] Time:          Wed Dec 11 2019 20:15:23 GMT-0500 (Eastern Standard Time)
[debug] [2019-12-12T01:15:23.594Z] ----------------------------------------------------------------------
[debug] [2019-12-12T01:15:23.594Z] 
[debug] [2019-12-12T01:15:23.608Z] > command requires scopes: ["email","openid","https://www.googleapis.com/auth/cloudplatformprojects.readonly","https://www.googleapis.com/auth/firebase","https://www.googleapis.com/auth/cloud-platform"]
[debug] [2019-12-12T01:15:23.609Z] > authorizing via signed-in user
[info] 
     ######## #### ########  ######## ########     ###     ######  ########
     ##        ##  ##     ## ##       ##     ##  ##   ##  ##       ##
     ######    ##  ########  ######   ########  #########  ######  ######
     ##        ##  ##    ##  ##       ##     ## ##     ##       ## ##
     ##       #### ##     ## ######## ########  ##     ##  ######  ########

You're about to initialize a Firebase project in this directory:

  /Users/drewpepin123/Documents/Coding Bootcamp/squad-manager

Before we get started, keep in mind:

  * You are initializing in an existing Firebase project directory

